<?xml version="1.0" encoding="UTF-8"?>
<testsuite name="server.RecipeListTest" tests="1" skipped="0" failures="0" errors="0" timestamp="2023-12-06T02:30:44" hostname="Safias-MacBook-Pro.local" time="0.0">
  <properties/>
  <testcase name="test()" classname="server.RecipeListTest" time="0.0"/>
  <system-out><![CDATA[]]></system-out>
  <system-err><![CDATA[]]></system-err>
</testsuite>
