<?xml version="1.0" encoding="UTF-8"?>
<testsuite name="server.AccountTest" tests="4" skipped="0" failures="0" errors="0" timestamp="2023-12-06T02:30:44" hostname="Safias-MacBook-Pro.local" time="0.021">
  <properties/>
  <testcase name="testValidwithIncorrectPassword()" classname="server.AccountTest" time="0.018"/>
  <testcase name="testCheckValid()" classname="server.AccountTest" time="0.001"/>
  <testcase name="testValidWhenInvalid()" classname="server.AccountTest" time="0.0"/>
  <testcase name="testHandlePut()" classname="server.AccountTest" time="0.002"/>
  <system-out><![CDATA[]]></system-out>
  <system-err><![CDATA[]]></system-err>
</testsuite>
