<?xml version="1.0" encoding="UTF-8"?>
<testsuite name="server.MealTypeTest" tests="2" skipped="0" failures="0" errors="0" timestamp="2023-12-06T02:30:44" hostname="Safias-MacBook-Pro.local" time="0.0">
  <properties/>
  <testcase name="scenario1Test()" classname="server.MealTypeTest" time="0.0"/>
  <testcase name="testGetMealType()" classname="server.MealTypeTest" time="0.0"/>
  <system-out><![CDATA[]]></system-out>
  <system-err><![CDATA[]]></system-err>
</testsuite>
