<?xml version="1.0" encoding="UTF-8"?>
<testsuite name="server.RecipeSaveTest" tests="1" skipped="0" failures="0" errors="0" timestamp="2023-11-29T00:25:32" hostname="Safias-MacBook-Pro.local" time="0.004">
  <properties/>
  <testcase name="saveTest()" classname="server.RecipeSaveTest" time="0.004"/>
  <system-out><![CDATA[]]></system-out>
  <system-err><![CDATA[]]></system-err>
</testsuite>
