<?xml version="1.0" encoding="UTF-8"?>
<testsuite name="server.RecipeListTest" tests="1" skipped="0" failures="0" errors="0" timestamp="2023-11-29T00:25:32" hostname="Safias-MacBook-Pro.local" time="0.001">
  <properties/>
  <testcase name="test()" classname="server.RecipeListTest" time="0.001"/>
  <system-out><![CDATA[]]></system-out>
  <system-err><![CDATA[]]></system-err>
</testsuite>
