<?xml version="1.0" encoding="UTF-8"?>
<testsuite name="server.RecipeCreationTest" tests="5" skipped="0" failures="0" errors="0" timestamp="2023-12-06T02:30:44" hostname="Safias-MacBook-Pro.local" time="0.002">
  <properties/>
  <testcase name="getTitleTest()" classname="server.RecipeCreationTest" time="0.001"/>
  <testcase name="getIngredientsTest()" classname="server.RecipeCreationTest" time="0.0"/>
  <testcase name="getInstructionsTest()" classname="server.RecipeCreationTest" time="0.0"/>
  <testcase name="testGenerator()" classname="server.RecipeCreationTest" time="0.0"/>
  <testcase name="storyTest()" classname="server.RecipeCreationTest" time="0.0"/>
  <system-out><![CDATA[]]></system-out>
  <system-err><![CDATA[]]></system-err>
</testsuite>
