<?xml version="1.0" encoding="UTF-8"?>
<testsuite name="server.AlphabeticalSortTest" tests="5" skipped="0" failures="0" errors="0" timestamp="2023-12-06T02:30:44" hostname="Safias-MacBook-Pro.local" time="0.011">
  <properties/>
  <testcase name="testReverseGetModifiedList()" classname="server.AlphabeticalSortTest" time="0.001"/>
  <testcase name="testAddInReverseAlphabeticalPostitions()" classname="server.AlphabeticalSortTest" time="0.0"/>
  <testcase name="testAddInAlphabeticalPostitions()" classname="server.AlphabeticalSortTest" time="0.0"/>
  <testcase name="testGetModifiedList()" classname="server.AlphabeticalSortTest" time="0.0"/>
  <testcase name="testSetListModifyingStrategy()" classname="server.AlphabeticalSortTest" time="0.009"/>
  <system-out><![CDATA[]]></system-out>
  <system-err><![CDATA[]]></system-err>
</testsuite>
