<?xml version="1.0" encoding="UTF-8"?>
<testsuite name="server.US2SortListStoryTest" tests="3" skipped="0" failures="0" errors="0" timestamp="2023-12-06T02:30:44" hostname="Safias-MacBook-Pro.local" time="0.002">
  <properties/>
  <testcase name="scenario1Test()" classname="server.US2SortListStoryTest" time="0.001"/>
  <testcase name="scenario2Test()" classname="server.US2SortListStoryTest" time="0.0"/>
  <testcase name="scenario3Test()" classname="server.US2SortListStoryTest" time="0.001"/>
  <system-out><![CDATA[]]></system-out>
  <system-err><![CDATA[]]></system-err>
</testsuite>
