<?xml version="1.0" encoding="UTF-8"?>
<testsuite name="server.ChronologicalSortTest" tests="2" skipped="0" failures="0" errors="0" timestamp="2023-12-06T02:30:44" hostname="Safias-MacBook-Pro.local" time="0.007">
  <properties/>
  <testcase name="testChronologicalSorter()" classname="server.ChronologicalSortTest" time="0.005"/>
  <testcase name="testReverseChronologicalSorter()" classname="server.ChronologicalSortTest" time="0.002"/>
  <system-out><![CDATA[]]></system-out>
  <system-err><![CDATA[]]></system-err>
</testsuite>
